=== Job Info ===
host      : chopin
jobid     : 1189455
scenario  : 24
early_rate: 1.0
v2v_rate  : 1.0
run_id    : 1
config    : scenarios/JIP/configs/config_scenario_24.toml
start     : Mon Jul 13 03:34:36 JST 2026
Step #0.00 (0ms ?*RT. ?UPS, TraCI: 442ms, vehicles TOT 1 ACT 1 BUF 0)                     
Step #100.00 (0ms ?*RT. ?UPS, TraCI: 25ms, vehicles TOT 26 ACT 26 BUF 0)                  
Step #200.00 (0ms ?*RT. ?UPS, TraCI: 38ms, vehicles TOT 51 ACT 51 BUF 0)                  
Step #300.00 (0ms ?*RT. ?UPS, TraCI: 75ms, vehicles TOT 77 ACT 77 BUF 0)                  
Step #400.00 (0ms ?*RT. ?UPS, TraCI: 70ms, vehicles TOT 104 ACT 104 BUF 0)                
Step #500.00 (1ms ~= 1000.00*RT, ~131000.00UPS, TraCI: 1895ms, vehicles TOT 131 ACT 131 BU
Step #600.00 (1ms ~= 1000.00*RT, ~158000.00UPS, TraCI: 2176ms, vehicles TOT 158 ACT 158 BU
Step #700.00 (1ms ~= 1000.00*RT, ~186000.00UPS, TraCI: 2409ms, vehicles TOT 186 ACT 186 BU
Step #800.00 (1ms ~= 1000.00*RT, ~215000.00UPS, TraCI: 2729ms, vehicles TOT 215 ACT 215 BU
Step #900.00 (1ms ~= 1000.00*RT, ~243000.00UPS, TraCI: 3563ms, vehicles TOT 243 ACT 243 BU
Step #1000.00 (1ms ~= 1000.00*RT, ~252000.00UPS, TraCI: 4053ms, vehicles TOT 275 ACT 252 B
Step #1100.00 (1ms ~= 1000.00*RT, ~269000.00UPS, TraCI: 3878ms, vehicles TOT 313 ACT 269 B
Step #1200.00 (1ms ~= 1000.00*RT, ~299000.00UPS, TraCI: 4086ms, vehicles TOT 350 ACT 299 B
Step #1300.00 (1ms ~= 1000.00*RT, ~333000.00UPS, TraCI: 4752ms, vehicles TOT 384 ACT 333 B
Step #1400.00 (1ms ~= 1000.00*RT, ~355000.00UPS, TraCI: 5133ms, vehicles TOT 436 ACT 355 B
Step #1500.00 (1ms ~= 1000.00*RT, ~392000.00UPS, TraCI: 5170ms, vehicles TOT 486 ACT 392 B
Step #1600.00 (1ms ~= 1000.00*RT, ~400000.00UPS, TraCI: 4820ms, vehicles TOT 495 ACT 400 B
Step #1700.00 (1ms ~= 1000.00*RT, ~400000.00UPS, TraCI: 4957ms, vehicles TOT 502 ACT 400 B
Step #1800.00 (1ms ~= 1000.00*RT, ~400000.00UPS, TraCI: 4289ms, vehicles TOT 502 ACT 400 B
Step #1900.00 (1ms ~= 1000.00*RT, ~400000.00UPS, TraCI: 3685ms, vehicles TOT 502 ACT 400 B
Step #2000.00 (1ms ~= 1000.00*RT, ~400000.00UPS, TraCI: 3222ms, vehicles TOT 502 ACT 400 B
Step #2100.00 (1ms ~= 1000.00*RT, ~400000.00UPS, TraCI: 2543ms, vehicles TOT 502 ACT 400 B
Step #2200.00 (0ms ?*RT. ?UPS, TraCI: 2104ms, vehicles TOT 502 ACT 400 BUF 0)             
Step #2300.00 (0ms ?*RT. ?UPS, TraCI: 1606ms, vehicles TOT 502 ACT 400 BUF 0)             
Step #2400.00 (0ms ?*RT. ?UPS, TraCI: 1331ms, vehicles TOT 502 ACT 400 BUF 0)             
Step #2500.00 (0ms ?*RT. ?UPS, TraCI: 795ms, vehicles TOT 502 ACT 400 BUF 0)              
Step #2600.00 (0ms ?*RT. ?UPS, TraCI: 307ms, vehicles TOT 502 ACT 400 BUF 0)              
Step #2700.00 (0ms ?*RT. ?UPS, TraCI: 76ms, vehicles TOT 502 ACT 400 BUF 0)               
Step #2800.00 (0ms ?*RT. ?UPS, TraCI: 76ms, vehicles TOT 502 ACT 400 BUF 0)               
Step #2900.00 (0ms ?*RT. ?UPS, TraCI: 77ms, vehicles TOT 502 ACT 400 BUF 0)               
Step #3000.00 (0ms ?*RT. ?UPS, TraCI: 77ms, vehicles TOT 502 ACT 400 BUF 0)               
 Retrying in 1 seconds
出現数: {'A1': 365, 'A2': 35}
割合:
  Total: 400
  A1: 365 (91.25%)
  A2: 35 (8.75%)
  B1: 0 (0.00%)
  B2: 0 (0.00%)
[MAJORITY_BIAS_EVALUATION] logical_vehicle_id=init_ShelterA_1_264 sumo_vehicle_id=init_ShelterA_1_264 time=1000.0 rc_change_count=0 uturn_change_count=2 new_event_ids=('init_ShelterA_1_243:success:8', 'init_ShelterA_1_244:success:9') new_event_count=2 effective_observation_count=2.000 p_follow=0.300 effective_probability=0.510000 random_value=0.650042 should_follow=False
[MAJORITY_BIAS_EVALUATION] logical_vehicle_id=init_ShelterA_1_233 sumo_vehicle_id=init_ShelterA_1_233 time=1010.0 rc_change_count=0 uturn_change_count=1 new_event_ids=('init_ShelterA_1_234:success:0',) new_event_count=1 effective_observation_count=1.000 p_follow=0.300 effective_probability=0.300000 random_value=0.118532 should_follow=True
[MAJORITY_BIAS_EVALUATION] logical_vehicle_id=init_ShelterA_1_200 sumo_vehicle_id=init_ShelterA_1_200 time=1030.0 rc_change_count=0 uturn_change_count=1 new_event_ids=('init_ShelterA_1_195:success:24',) new_event_count=1 effective_observation_count=1.000 p_follow=0.300 effective_probability=0.300000 random_value=0.934383 should_follow=False
[MAJORITY_BIAS_EVALUATION] logical_vehicle_id=init_ShelterA_1_202 sumo_vehicle_id=init_ShelterA_1_202 time=1030.0 rc_change_count=0 uturn_change_count=1 new_event_ids=('init_ShelterA_1_195:success:24',) new_event_count=1 effective_observation_count=1.000 p_follow=0.300 effective_probability=0.300000 random_value=0.587836 should_follow=False
[MAJORITY_BIAS_EVALUATION] logical_vehicle_id=init_ShelterA_1_204 sumo_vehicle_id=init_ShelterA_1_204 time=1030.0 rc_change_count=0 uturn_change_count=1 new_event_ids=('init_ShelterA_1_195:success:24',) new_event_count=1 effective_observation_count=1.000 p_follow=0.300 effective_probability=0.300000 random_value=0.656066 should_follow=False
[MAJORITY_BIAS_EVALUATION] logical_vehicle_id=init_ShelterA_1_206 sumo_vehicle_id=init_ShelterA_1_206 time=1030.0 rc_change_count=0 uturn_change_count=1 new_event_ids=('init_ShelterA_1_195:success:24',) new_event_count=1 effective_observation_count=1.000 p_follow=0.300 effective_probability=0.300000 random_value=0.639576 should_follow=False
[MAJORITY_BIAS_EVALUATION] logical_vehicle_id=init_ShelterA_1_208 sumo_vehicle_id=init_ShelterA_1_208 time=1030.0 rc_change_count=0 uturn_change_count=2 new_event_ids=('init_ShelterA_1_195:success:24', 'init_ShelterA_1_201:success:25') new_event_count=2 effective_observation_count=2.000 p_follow=0.300 effective_probability=0.510000 random_value=0.175808 should_follow=True
[MAJORITY_BIAS_EVALUATION] logical_vehicle_id=init_ShelterA_1_209 sumo_vehicle_id=init_ShelterA_1_209 time=1030.0 rc_change_count=0 uturn_change_count=2 new_event_ids=('init_ShelterA_1_195:success:24', 'init_ShelterA_1_201:success:25') new_event_count=2 effective_observation_count=2.000 p_follow=0.300 effective_probability=0.510000 random_value=0.623634 should_follow=False
[MAJORITY_BIAS_EVALUATION] logical_vehicle_id=init_ShelterA_1_210 sumo_vehicle_id=init_ShelterA_1_210 time=1050.0 rc_change_count=0 uturn_change_count=2 new_event_ids=('init_ShelterA_1_195:success:24', 'init_ShelterA_1_208:success:29') new_event_count=2 effective_observation_count=2.000 p_follow=0.300 effective_probability=0.510000 random_value=0.037148 should_follow=True
[MAJORITY_BIAS_EVALUATION] logical_vehicle_id=init_ShelterA_1_211 sumo_vehicle_id=init_ShelterA_1_211 time=1050.0 rc_change_count=0 uturn_change_count=3 new_event_ids=('init_ShelterA_1_195:success:24', 'init_ShelterA_1_201:success:25', 'init_ShelterA_1_203:success:26') new_event_count=3 effective_observation_count=3.000 p_follow=0.300 effective_probability=0.657000 random_value=0.472901 should_follow=True
[MAJORITY_BIAS_EVALUATION] logical_vehicle_id=init_ShelterA_1_212 sumo_vehicle_id=init_ShelterA_1_212 time=1050.0 rc_change_count=0 uturn_change_count=3 new_event_ids=('init_ShelterA_1_195:success:24', 'init_ShelterA_1_201:success:25', 'init_ShelterA_1_203:success:26') new_event_count=3 effective_observation_count=3.000 p_follow=0.300 effective_probability=0.657000 random_value=0.173396 should_follow=True
[MAJORITY_BIAS_EVALUATION] logical_vehicle_id=init_ShelterA_1_213 sumo_vehicle_id=init_ShelterA_1_213 time=1050.0 rc_change_count=0 uturn_change_count=3 new_event_ids=('init_ShelterA_1_201:success:25', 'init_ShelterA_1_203:success:26', 'init_ShelterA_1_205:success:27') new_event_count=3 effective_observation_count=3.000 p_follow=0.300 effective_probability=0.657000 random_value=0.241188 should_follow=True
[MAJORITY_BIAS_EVALUATION] logical_vehicle_id=init_ShelterA_1_214 sumo_vehicle_id=init_ShelterA_1_214 time=1050.0 rc_change_count=0 uturn_change_count=2 new_event_ids=('init_ShelterA_1_205:success:27', 'init_ShelterA_1_207:success:28') new_event_count=2 effective_observation_count=2.000 p_follow=0.300 effective_probability=0.510000 random_value=0.832415 should_follow=False
[MAJORITY_BIAS_EVALUATION] logical_vehicle_id=init_ShelterA_1_215 sumo_vehicle_id=init_ShelterA_1_215 time=1050.0 rc_change_count=0 uturn_change_count=2 new_event_ids=('init_ShelterA_1_205:success:27', 'init_ShelterA_1_207:success:28') new_event_count=2 effective_observation_count=2.000 p_follow=0.300 effective_probability=0.510000 random_value=0.620217 should_follow=False
[MAJORITY_BIAS_EVALUATION] logical_vehicle_id=init_ShelterA_1_217 sumo_vehicle_id=init_ShelterA_1_217 time=1050.0 rc_change_count=0 uturn_change_count=2 new_event_ids=('init_ShelterA_1_205:success:27', 'init_ShelterA_1_207:success:28') new_event_count=2 effective_observation_count=2.000 p_follow=0.300 effective_probability=0.510000 random_value=0.974060 should_follow=False
[MAJORITY_BIAS_EVALUATION] logical_vehicle_id=init_ShelterA_1_218 sumo_vehicle_id=init_ShelterA_1_218 time=1050.0 rc_change_count=0 uturn_change_count=1 new_event_ids=('init_ShelterA_1_207:success:28',) new_event_count=1 effective_observation_count=1.000 p_follow=0.300 effective_probability=0.300000 random_value=0.940481 should_follow=False
[MAJORITY_BIAS_EVALUATION] logical_vehicle_id=init_ShelterA_1_214 sumo_vehicle_id=init_ShelterA_1_214 time=1060.0 rc_change_count=0 uturn_change_count=3 new_event_ids=('init_ShelterA_1_208:success:29', 'init_ShelterA_1_210:success:30', 'init_ShelterA_1_211:success:31') new_event_count=3 effective_observation_count=3.000 p_follow=0.300 effective_probability=0.657000 random_value=0.798954 should_follow=False
[MAJORITY_BIAS_EVALUATION] logical_vehicle_id=init_ShelterA_1_215 sumo_vehicle_id=init_ShelterA_1_215 time=1060.0 rc_change_count=0 uturn_change_count=4 new_event_ids=('init_ShelterA_1_208:success:29', 'init_ShelterA_1_210:success:30', 'init_ShelterA_1_211:success:31', 'init_ShelterA_1_212:success:32') new_event_count=4 effective_observation_count=4.000 p_follow=0.300 effective_probability=0.759900 random_value=0.105974 should_follow=True
[MAJORITY_BIAS_EVALUATION] logical_vehicle_id=init_ShelterA_1_217 sumo_vehicle_id=init_ShelterA_1_217 time=1060.0 rc_change_count=0 uturn_change_count=5 new_event_ids=('init_ShelterA_1_208:success:29', 'init_ShelterA_1_210:success:30', 'init_ShelterA_1_211:success:31', 'init_ShelterA_1_212:success:32', 'init_ShelterA_1_213:success:33') new_event_count=5 effective_observation_count=5.000 p_follow=0.300 effective_probability=0.831930 random_value=0.682445 should_follow=True
[MAJORITY_BIAS_EVALUATION] logical_vehicle_id=init_ShelterA_1_218 sumo_vehicle_id=init_ShelterA_1_218 time=1060.0 rc_change_count=0 uturn_change_count=4 new_event_ids=('init_ShelterA_1_208:success:29', 'init_ShelterA_1_211:success:31', 'init_ShelterA_1_212:success:32', 'init_ShelterA_1_213:success:33') new_event_count=4 effective_observation_count=4.000 p_follow=0.300 effective_probability=0.759900 random_value=0.529229 should_follow=True
[MAJORITY_BIAS_EVALUATION] logical_vehicle_id=init_ShelterA_1_219 sumo_vehicle_id=init_ShelterA_1_219 time=1060.0 rc_change_count=0 uturn_change_count=5 new_event_ids=('init_ShelterA_1_195:success:24', 'init_ShelterA_1_201:success:25', 'init_ShelterA_1_208:success:29', 'init_ShelterA_1_212:success:32', 'init_ShelterA_1_213:success:33') new_event_count=5 effective_observation_count=5.000 p_follow=0.300 effective_probability=0.831930 random_value=0.289799 should_follow=True
[MAJORITY_BIAS_EVALUATION] logical_vehicle_id=init_ShelterA_1_220 sumo_vehicle_id=init_ShelterA_1_220 time=1060.0 rc_change_count=0 uturn_change_count=4 new_event_ids=('init_ShelterA_1_195:success:24', 'init_ShelterA_1_201:success:25', 'init_ShelterA_1_212:success:32', 'init_ShelterA_1_213:success:33') new_event_count=4 effective_observation_count=4.000 p_follow=0.300 effective_probability=0.759900 random_value=0.494608 should_follow=True
[MAJORITY_BIAS_EVALUATION] logical_vehicle_id=init_ShelterA_1_221 sumo_vehicle_id=init_ShelterA_1_221 time=1060.0 rc_change_count=0 uturn_change_count=3 new_event_ids=('init_ShelterA_1_195:success:24', 'init_ShelterA_1_201:success:25', 'init_ShelterA_1_203:success:26') new_event_count=3 effective_observation_count=3.000 p_follow=0.300 effective_probability=0.657000 random_value=0.774946 should_follow=False
[MAJORITY_BIAS_EVALUATION] logical_vehicle_id=init_ShelterA_1_222 sumo_vehicle_id=init_ShelterA_1_222 time=1060.0 rc_change_count=0 uturn_change_count=3 new_event_ids=('init_ShelterA_1_195:success:24', 'init_ShelterA_1_201:success:25', 'init_ShelterA_1_203:success:26') new_event_count=3 effective_observation_count=3.000 p_follow=0.300 effective_probability=0.657000 random_value=0.677677 should_follow=False
[MAJORITY_BIAS_EVALUATION] logical_vehicle_id=init_ShelterA_1_223 sumo_vehicle_id=init_ShelterA_1_223 time=1060.0 rc_change_count=0 uturn_change_count=2 new_event_ids=('init_ShelterA_1_201:success:25', 'init_ShelterA_1_203:success:26') new_event_count=2 effective_observation_count=2.000 p_follow=0.300 effective_probability=0.510000 random_value=0.198095 should_follow=True
[MAJORITY_BIAS_EVALUATION] logical_vehicle_id=init_ShelterA_1_224 sumo_vehicle_id=init_ShelterA_1_224 time=1060.0 rc_change_count=0 uturn_change_count=1 new_event_ids=('init_ShelterA_1_203:success:26',) new_event_count=1 effective_observation_count=1.000 p_follow=0.300 effective_probability=0.300000 random_value=0.295124 should_follow=True
[MAJORITY_BIAS_EVALUATION] logical_vehicle_id=init_ShelterA_1_225 sumo_vehicle_id=init_ShelterA_1_225 time=1060.0 rc_change_count=0 uturn_change_count=1 new_event_ids=('init_ShelterA_1_205:success:27',) new_event_count=1 effective_observation_count=1.000 p_follow=0.300 effective_probability=0.300000 random_value=0.404650 should_follow=False
[MAJORITY_BIAS_EVALUATION] logical_vehicle_id=init_ShelterA_1_226 sumo_vehicle_id=init_ShelterA_1_226 time=1060.0 rc_change_count=0 uturn_change_count=1 new_event_ids=('init_ShelterA_1_205:success:27',) new_event_count=1 effective_observation_count=1.000 p_follow=0.300 effective_probability=0.300000 random_value=0.928622 should_follow=False
[MAJORITY_BIAS_EVALUATION] logical_vehicle_id=init_ShelterA_1_227 sumo_vehicle_id=init_ShelterA_1_227 time=1060.0 rc_change_count=0 uturn_change_count=2 new_event_ids=('init_ShelterA_1_205:success:27', 'init_ShelterA_1_207:success:28') new_event_count=2 effective_observation_count=2.000 p_follow=0.300 effective_probability=0.510000 random_value=0.259043 should_follow=True
[MAJORITY_BIAS_EVALUATION] logical_vehicle_id=init_ShelterA_1_228 sumo_vehicle_id=init_ShelterA_1_228 time=1060.0 rc_change_count=0 uturn_change_count=2 new_event_ids=('init_ShelterA_1_205:success:27', 'init_ShelterA_1_207:success:28') new_event_count=2 effective_observation_count=2.000 p_follow=0.300 effective_probability=0.510000 random_value=0.737187 should_follow=False
[MAJORITY_BIAS_EVALUATION] logical_vehicle_id=init_ShelterA_1_222 sumo_vehicle_id=init_ShelterA_1_222 time=1070.0 rc_change_count=0 uturn_change_count=2 new_event_ids=('init_ShelterA_1_215:success:34', 'init_ShelterA_1_217:success:35') new_event_count=2 effective_observation_count=2.000 p_follow=0.300 effective_probability=0.510000 random_value=0.966557 should_follow=False
[MAJORITY_BIAS_EVALUATION] logical_vehicle_id=init_ShelterA_1_225 sumo_vehicle_id=init_ShelterA_1_225 time=1070.0 rc_change_count=0 uturn_change_count=4 new_event_ids=('init_ShelterA_1_210:success:30', 'init_ShelterA_1_211:success:31', 'init_ShelterA_1_215:success:34', 'init_ShelterA_1_217:success:35') new_event_count=4 effective_observation_count=4.000 p_follow=0.300 effective_probability=0.759900 random_value=0.510525 should_follow=True
[MAJORITY_BIAS_EVALUATION] logical_vehicle_id=init_ShelterA_1_226 sumo_vehicle_id=init_ShelterA_1_226 time=1070.0 rc_change_count=0 uturn_change_count=4 new_event_ids=('init_ShelterA_1_208:success:29', 'init_ShelterA_1_210:success:30', 'init_ShelterA_1_211:success:31', 'init_ShelterA_1_215:success:34') new_event_count=4 effective_observation_count=4.000 p_follow=0.300 effective_probability=0.759900 random_value=0.417290 should_follow=True
[MAJORITY_BIAS_EVALUATION] logical_vehicle_id=init_ShelterA_1_228 sumo_vehicle_id=init_ShelterA_1_228 time=1070.0 rc_change_count=0 uturn_change_count=4 new_event_ids=('init_ShelterA_1_208:success:29', 'init_ShelterA_1_210:success:30', 'init_ShelterA_1_211:success:31', 'init_ShelterA_1_212:success:32') new_event_count=4 effective_observation_count=4.000 p_follow=0.300 effective_probability=0.759900 random_value=0.348461 should_follow=True
[MAJORITY_BIAS_EVALUATION] logical_vehicle_id=init_ShelterA_1_229 sumo_vehicle_id=init_ShelterA_1_229 time=1110.0 rc_change_count=0 uturn_change_count=7 new_event_ids=('init_ShelterA_1_217:success:35', 'init_ShelterA_1_218:success:36', 'init_ShelterA_1_219:success:37', 'init_ShelterA_1_220:success:38', 'init_ShelterA_1_225:success:42', 'init_ShelterA_1_226:success:43', 'init_ShelterA_1_228:success:44') new_event_count=7 effective_observation_count=7.000 p_follow=0.300 effective_probability=0.917646 random_value=0.688666 should_follow=True
[MAJORITY_BIAS_EVALUATION] logical_vehicle_id=init_ShelterA_1_230 sumo_vehicle_id=init_ShelterA_1_230 time=1110.0 rc_change_count=0 uturn_change_count=6 new_event_ids=('init_ShelterA_1_217:success:35', 'init_ShelterA_1_218:success:36', 'init_ShelterA_1_219:success:37', 'init_ShelterA_1_220:success:38', 'init_ShelterA_1_225:success:42', 'init_ShelterA_1_228:success:44') new_event_count=6 effective_observation_count=6.000 p_follow=0.300 effective_probability=0.882351 random_value=0.166930 should_follow=True
[MAJORITY_BIAS_EVALUATION] logical_vehicle_id=init_ShelterA_1_232 sumo_vehicle_id=init_ShelterA_1_232 time=1120.0 rc_change_count=0 uturn_change_count=3 new_event_ids=('init_ShelterA_1_225:success:42', 'init_ShelterA_1_226:success:43', 'init_ShelterA_1_228:success:44') new_event_count=3 effective_observation_count=3.000 p_follow=0.300 effective_probability=0.657000 random_value=0.636423 should_follow=True
[MAJORITY_BIAS_EVALUATION] logical_vehicle_id=init_ShelterA_1_233 sumo_vehicle_id=init_ShelterA_1_233 time=1120.0 rc_change_count=0 uturn_change_count=7 new_event_ids=('init_ShelterA_1_217:success:35', 'init_ShelterA_1_218:success:36', 'init_ShelterA_1_219:success:37', 'init_ShelterA_1_220:success:38', 'init_ShelterA_1_225:success:42', 'init_ShelterA_1_226:success:43', 'init_ShelterA_1_228:success:44') new_event_count=7 effective_observation_count=7.000 p_follow=0.300 effective_probability=0.917646 random_value=0.308346 should_follow=True
[MAJORITY_BIAS_EVALUATION] logical_vehicle_id=init_ShelterA_1_250 sumo_vehicle_id=init_ShelterA_1_250 time=1120.0 rc_change_count=0 uturn_change_count=7 new_event_ids=('init_ShelterA_1_217:success:35', 'init_ShelterA_1_218:success:36', 'init_ShelterA_1_219:success:37', 'init_ShelterA_1_220:success:38', 'init_ShelterA_1_225:success:42', 'init_ShelterA_1_226:success:43', 'init_ShelterA_1_228:success:44') new_event_count=7 effective_observation_count=7.000 p_follow=0.300 effective_probability=0.917646 random_value=0.848831 should_follow=True
[MAJORITY_BIAS_EVALUATION] logical_vehicle_id=init_ShelterA_1_254 sumo_vehicle_id=init_ShelterA_1_254 time=1120.0 rc_change_count=0 uturn_change_count=5 new_event_ids=('init_ShelterA_1_217:success:35', 'init_ShelterA_1_218:success:36', 'init_ShelterA_1_219:success:37', 'init_ShelterA_1_220:success:38', 'init_ShelterA_1_225:success:42') new_event_count=5 effective_observation_count=5.000 p_follow=0.300 effective_probability=0.831930 random_value=0.025456 should_follow=True
[MAJORITY_BIAS_EVALUATION] logical_vehicle_id=init_ShelterA_1_259 sumo_vehicle_id=init_ShelterA_1_259 time=1130.0 rc_change_count=0 uturn_change_count=2 new_event_ids=('init_ShelterA_1_226:success:43', 'init_ShelterA_1_228:success:44') new_event_count=2 effective_observation_count=2.000 p_follow=0.300 effective_probability=0.510000 random_value=0.468944 should_follow=True
[MAJORITY_BIAS_EVALUATION] logical_vehicle_id=init_ShelterA_1_260 sumo_vehicle_id=init_ShelterA_1_260 time=1130.0 rc_change_count=0 uturn_change_count=3 new_event_ids=('init_ShelterA_1_225:success:42', 'init_ShelterA_1_226:success:43', 'init_ShelterA_1_228:success:44') new_event_count=3 effective_observation_count=3.000 p_follow=0.300 effective_probability=0.657000 random_value=0.348279 should_follow=True
[MAJORITY_BIAS_EVALUATION] logical_vehicle_id=init_ShelterA_1_261 sumo_vehicle_id=init_ShelterA_1_261 time=1130.0 rc_change_count=0 uturn_change_count=3 new_event_ids=('init_ShelterA_1_225:success:42', 'init_ShelterA_1_226:success:43', 'init_ShelterA_1_228:success:44') new_event_count=3 effective_observation_count=3.000 p_follow=0.300 effective_probability=0.657000 random_value=0.700346 should_follow=False
[MAJORITY_BIAS_EVALUATION] logical_vehicle_id=init_ShelterA_1_262 sumo_vehicle_id=init_ShelterA_1_262 time=1130.0 rc_change_count=0 uturn_change_count=2 new_event_ids=('init_ShelterA_1_225:success:42', 'init_ShelterA_1_228:success:44') new_event_count=2 effective_observation_count=2.000 p_follow=0.300 effective_probability=0.510000 random_value=0.294016 should_follow=True
[MAJORITY_BIAS_EVALUATION] logical_vehicle_id=init_ShelterA_1_293 sumo_vehicle_id=init_ShelterA_1_293 time=1360.0 rc_change_count=0 uturn_change_count=1 new_event_ids=('init_ShelterA_1_289:success:56',) new_event_count=1 effective_observation_count=1.000 p_follow=0.300 effective_probability=0.300000 random_value=0.583098 should_follow=False
[MAJORITY_BIAS_EVALUATION] logical_vehicle_id=init_ShelterA_1_294 sumo_vehicle_id=init_ShelterA_1_294 time=1360.0 rc_change_count=0 uturn_change_count=1 new_event_ids=('init_ShelterA_1_289:success:56',) new_event_count=1 effective_observation_count=1.000 p_follow=0.300 effective_probability=0.300000 random_value=0.017656 should_follow=True
[MAJORITY_BIAS_EVALUATION] logical_vehicle_id=init_ShelterA_1_295 sumo_vehicle_id=init_ShelterA_1_295 time=1360.0 rc_change_count=0 uturn_change_count=1 new_event_ids=('init_ShelterA_1_289:success:56',) new_event_count=1 effective_observation_count=1.000 p_follow=0.300 effective_probability=0.300000 random_value=0.063784 should_follow=True
[MAJORITY_BIAS_EVALUATION] logical_vehicle_id=init_ShelterA_1_296 sumo_vehicle_id=init_ShelterA_1_296 time=1360.0 rc_change_count=0 uturn_change_count=1 new_event_ids=('init_ShelterA_1_289:success:56',) new_event_count=1 effective_observation_count=1.000 p_follow=0.300 effective_probability=0.300000 random_value=0.598662 should_follow=False
[MAJORITY_BIAS_EVALUATION] logical_vehicle_id=init_ShelterA_1_298 sumo_vehicle_id=init_ShelterA_1_298 time=1360.0 rc_change_count=0 uturn_change_count=1 new_event_ids=('init_ShelterA_1_289:success:56',) new_event_count=1 effective_observation_count=1.000 p_follow=0.300 effective_probability=0.300000 random_value=0.301556 should_follow=False
[MAJORITY_BIAS_EVALUATION] logical_vehicle_id=init_ShelterA_1_300 sumo_vehicle_id=init_ShelterA_1_300 time=1360.0 rc_change_count=0 uturn_change_count=1 new_event_ids=('init_ShelterA_1_289:success:56',) new_event_count=1 effective_observation_count=1.000 p_follow=0.300 effective_probability=0.300000 random_value=0.985614 should_follow=False
[MAJORITY_BIAS_EVALUATION] logical_vehicle_id=init_ShelterA_1_301 sumo_vehicle_id=init_ShelterA_1_301 time=1360.0 rc_change_count=0 uturn_change_count=1 new_event_ids=('init_ShelterA_1_289:success:56',) new_event_count=1 effective_observation_count=1.000 p_follow=0.300 effective_probability=0.300000 random_value=0.170146 should_follow=True
[MAJORITY_BIAS_EVALUATION] logical_vehicle_id=init_ShelterA_1_302 sumo_vehicle_id=init_ShelterA_1_302 time=1360.0 rc_change_count=0 uturn_change_count=1 new_event_ids=('init_ShelterA_1_289:success:56',) new_event_count=1 effective_observation_count=1.000 p_follow=0.300 effective_probability=0.300000 random_value=0.196812 should_follow=True
[MAJORITY_BIAS_EVALUATION] logical_vehicle_id=init_ShelterA_1_303 sumo_vehicle_id=init_ShelterA_1_303 time=1360.0 rc_change_count=0 uturn_change_count=1 new_event_ids=('init_ShelterA_1_289:success:56',) new_event_count=1 effective_observation_count=1.000 p_follow=0.300 effective_probability=0.300000 random_value=0.963920 should_follow=False
[MAJORITY_BIAS_EVALUATION] logical_vehicle_id=init_ShelterA_1_304 sumo_vehicle_id=init_ShelterA_1_304 time=1360.0 rc_change_count=0 uturn_change_count=2 new_event_ids=('init_ShelterA_1_289:success:56', 'init_ShelterA_1_299:success:57') new_event_count=2 effective_observation_count=2.000 p_follow=0.300 effective_probability=0.510000 random_value=0.437503 should_follow=True
[MAJORITY_BIAS_EVALUATION] logical_vehicle_id=init_ShelterA_1_305 sumo_vehicle_id=init_ShelterA_1_305 time=1360.0 rc_change_count=0 uturn_change_count=2 new_event_ids=('init_ShelterA_1_289:success:56', 'init_ShelterA_1_299:success:57') new_event_count=2 effective_observation_count=2.000 p_follow=0.300 effective_probability=0.510000 random_value=0.520577 should_follow=False
[MAJORITY_BIAS_EVALUATION] logical_vehicle_id=init_ShelterA_1_306 sumo_vehicle_id=init_ShelterA_1_306 time=1360.0 rc_change_count=0 uturn_change_count=1 new_event_ids=('init_ShelterA_1_299:success:57',) new_event_count=1 effective_observation_count=1.000 p_follow=0.300 effective_probability=0.300000 random_value=0.561673 should_follow=False
[MAJORITY_BIAS_EVALUATION] logical_vehicle_id=init_ShelterA_1_298 sumo_vehicle_id=init_ShelterA_1_298 time=1370.0 rc_change_count=0 uturn_change_count=1 new_event_ids=('init_ShelterA_1_294:success:63',) new_event_count=1 effective_observation_count=1.000 p_follow=0.300 effective_probability=0.300000 random_value=0.380361 should_follow=False
[MAJORITY_BIAS_EVALUATION] logical_vehicle_id=init_ShelterA_1_300 sumo_vehicle_id=init_ShelterA_1_300 time=1370.0 rc_change_count=0 uturn_change_count=2 new_event_ids=('init_ShelterA_1_294:success:63', 'init_ShelterA_1_295:success:64') new_event_count=2 effective_observation_count=2.000 p_follow=0.300 effective_probability=0.510000 random_value=0.373437 should_follow=True
[MAJORITY_BIAS_EVALUATION] logical_vehicle_id=init_ShelterA_1_303 sumo_vehicle_id=init_ShelterA_1_303 time=1370.0 rc_change_count=0 uturn_change_count=2 new_event_ids=('init_ShelterA_1_294:success:63', 'init_ShelterA_1_295:success:64') new_event_count=2 effective_observation_count=2.000 p_follow=0.300 effective_probability=0.510000 random_value=0.419717 should_follow=True
[MAJORITY_BIAS_EVALUATION] logical_vehicle_id=init_ShelterA_1_305 sumo_vehicle_id=init_ShelterA_1_305 time=1370.0 rc_change_count=0 uturn_change_count=3 new_event_ids=('init_ShelterA_1_294:success:63', 'init_ShelterA_1_295:success:64', 'init_ShelterA_1_302:success:66') new_event_count=3 effective_observation_count=3.000 p_follow=0.300 effective_probability=0.657000 random_value=0.346348 should_follow=True
[MAJORITY_BIAS_EVALUATION] logical_vehicle_id=init_ShelterA_1_306 sumo_vehicle_id=init_ShelterA_1_306 time=1370.0 rc_change_count=0 uturn_change_count=4 new_event_ids=('init_ShelterA_1_294:success:63', 'init_ShelterA_1_295:success:64', 'init_ShelterA_1_302:success:66', 'init_ShelterA_1_304:success:67') new_event_count=4 effective_observation_count=4.000 p_follow=0.300 effective_probability=0.759900 random_value=0.270261 should_follow=True
[MAJORITY_BIAS_EVALUATION] logical_vehicle_id=init_ShelterA_1_307 sumo_vehicle_id=init_ShelterA_1_307 time=1380.0 rc_change_count=0 uturn_change_count=1 new_event_ids=('init_ShelterA_1_299:success:57',) new_event_count=1 effective_observation_count=1.000 p_follow=0.300 effective_probability=0.300000 random_value=0.414732 should_follow=False
[MAJORITY_BIAS_EVALUATION] logical_vehicle_id=init_ShelterA_1_308 sumo_vehicle_id=init_ShelterA_1_308 time=1380.0 rc_change_count=0 uturn_change_count=1 new_event_ids=('init_ShelterA_1_299:success:57',) new_event_count=1 effective_observation_count=1.000 p_follow=0.300 effective_probability=0.300000 random_value=0.469207 should_follow=False
[MAJORITY_BIAS_EVALUATION] logical_vehicle_id=init_ShelterA_2_297 sumo_vehicle_id=init_ShelterA_2_297 time=1380.0 rc_change_count=0 uturn_change_count=2 new_event_ids=('init_ShelterA_2_266:success:58', 'init_ShelterA_2_279:success:60') new_event_count=2 effective_observation_count=2.000 p_follow=0.300 effective_probability=0.510000 random_value=0.761050 should_follow=False
[MAJORITY_BIAS_EVALUATION] logical_vehicle_id=init_ShelterA_2_311 sumo_vehicle_id=init_ShelterA_2_311 time=1380.0 rc_change_count=0 uturn_change_count=1 new_event_ids=('init_ShelterA_2_279:success:60',) new_event_count=1 effective_observation_count=1.000 p_follow=0.300 effective_probability=0.300000 random_value=0.904954 should_follow=False
[MAJORITY_BIAS_EVALUATION] logical_vehicle_id=init_ShelterA_2_316 sumo_vehicle_id=init_ShelterA_2_316 time=1380.0 rc_change_count=0 uturn_change_count=1 new_event_ids=('init_ShelterA_2_312:success:62',) new_event_count=1 effective_observation_count=1.000 p_follow=0.300 effective_probability=0.300000 random_value=0.941852 should_follow=False
[MAJORITY_BIAS_EVALUATION] logical_vehicle_id=init_ShelterA_1_307 sumo_vehicle_id=init_ShelterA_1_307 time=1390.0 rc_change_count=0 uturn_change_count=3 new_event_ids=('init_ShelterA_1_294:success:63', 'init_ShelterA_1_295:success:64', 'init_ShelterA_1_302:success:66') new_event_count=3 effective_observation_count=3.000 p_follow=0.300 effective_probability=0.657000 random_value=0.411973 should_follow=True
[MAJORITY_BIAS_EVALUATION] logical_vehicle_id=init_ShelterA_1_308 sumo_vehicle_id=init_ShelterA_1_308 time=1390.0 rc_change_count=0 uturn_change_count=3 new_event_ids=('init_ShelterA_1_295:success:64', 'init_ShelterA_1_302:success:66', 'init_ShelterA_1_304:success:67') new_event_count=3 effective_observation_count=3.000 p_follow=0.300 effective_probability=0.657000 random_value=0.946120 should_follow=False
[MAJORITY_BIAS_EVALUATION] logical_vehicle_id=init_ShelterA_1_309 sumo_vehicle_id=init_ShelterA_1_309 time=1390.0 rc_change_count=0 uturn_change_count=2 new_event_ids=('init_ShelterA_1_302:success:66', 'init_ShelterA_1_304:success:67') new_event_count=2 effective_observation_count=2.000 p_follow=0.300 effective_probability=0.510000 random_value=0.806425 should_follow=False
[MAJORITY_BIAS_EVALUATION] logical_vehicle_id=init_ShelterA_1_310 sumo_vehicle_id=init_ShelterA_1_310 time=1390.0 rc_change_count=0 uturn_change_count=3 new_event_ids=('init_ShelterA_1_289:success:56', 'init_ShelterA_1_301:success:65', 'init_ShelterA_1_304:success:67') new_event_count=3 effective_observation_count=3.000 p_follow=0.300 effective_probability=0.657000 random_value=0.980324 should_follow=False
[MAJORITY_BIAS_EVALUATION] logical_vehicle_id=init_ShelterA_1_313 sumo_vehicle_id=init_ShelterA_1_313 time=1390.0 rc_change_count=0 uturn_change_count=3 new_event_ids=('init_ShelterA_1_289:success:56', 'init_ShelterA_1_301:success:65', 'init_ShelterA_1_304:success:67') new_event_count=3 effective_observation_count=3.000 p_follow=0.300 effective_probability=0.657000 random_value=0.358578 should_follow=True
[MAJORITY_BIAS_EVALUATION] logical_vehicle_id=init_ShelterA_1_314 sumo_vehicle_id=init_ShelterA_1_314 time=1390.0 rc_change_count=0 uturn_change_count=2 new_event_ids=('init_ShelterA_1_289:success:56', 'init_ShelterA_1_301:success:65') new_event_count=2 effective_observation_count=2.000 p_follow=0.300 effective_probability=0.510000 random_value=0.539342 should_follow=False
[MAJORITY_BIAS_EVALUATION] logical_vehicle_id=init_ShelterA_1_315 sumo_vehicle_id=init_ShelterA_1_315 time=1390.0 rc_change_count=0 uturn_change_count=2 new_event_ids=('init_ShelterA_1_289:success:56', 'init_ShelterA_1_301:success:65') new_event_count=2 effective_observation_count=2.000 p_follow=0.300 effective_probability=0.510000 random_value=0.629921 should_follow=False
[MAJORITY_BIAS_EVALUATION] logical_vehicle_id=init_ShelterA_1_317 sumo_vehicle_id=init_ShelterA_1_317 time=1390.0 rc_change_count=0 uturn_change_count=1 new_event_ids=('init_ShelterA_1_289:success:56',) new_event_count=1 effective_observation_count=1.000 p_follow=0.300 effective_probability=0.300000 random_value=0.771976 should_follow=False
[MAJORITY_BIAS_EVALUATION] logical_vehicle_id=init_ShelterA_1_319 sumo_vehicle_id=init_ShelterA_1_319 time=1390.0 rc_change_count=0 uturn_change_count=1 new_event_ids=('init_ShelterA_1_299:success:57',) new_event_count=1 effective_observation_count=1.000 p_follow=0.300 effective_probability=0.300000 random_value=0.030321 should_follow=True
[MAJORITY_BIAS_EVALUATION] logical_vehicle_id=init_ShelterA_1_320 sumo_vehicle_id=init_ShelterA_1_320 time=1390.0 rc_change_count=0 uturn_change_count=1 new_event_ids=('init_ShelterA_1_299:success:57',) new_event_count=1 effective_observation_count=1.000 p_follow=0.300 effective_probability=0.300000 random_value=0.101046 should_follow=True
[MAJORITY_BIAS_EVALUATION] logical_vehicle_id=init_ShelterA_1_310 sumo_vehicle_id=init_ShelterA_1_310 time=1400.0 rc_change_count=0 uturn_change_count=3 new_event_ids=('init_ShelterA_1_300:success:69', 'init_ShelterA_1_303:success:70', 'init_ShelterA_1_305:success:71') new_event_count=3 effective_observation_count=3.000 p_follow=0.300 effective_probability=0.657000 random_value=0.711001 should_follow=False
[MAJORITY_BIAS_EVALUATION] logical_vehicle_id=init_ShelterA_1_314 sumo_vehicle_id=init_ShelterA_1_314 time=1400.0 rc_change_count=0 uturn_change_count=4 new_event_ids=('init_ShelterA_1_300:success:69', 'init_ShelterA_1_303:success:70', 'init_ShelterA_1_305:success:71', 'init_ShelterA_1_306:success:72') new_event_count=4 effective_observation_count=4.000 p_follow=0.300 effective_probability=0.759900 random_value=0.745726 should_follow=True
[MAJORITY_BIAS_EVALUATION] logical_vehicle_id=init_ShelterA_1_315 sumo_vehicle_id=init_ShelterA_1_315 time=1400.0 rc_change_count=0 uturn_change_count=5 new_event_ids=('init_ShelterA_1_294:success:63', 'init_ShelterA_1_300:success:69', 'init_ShelterA_1_303:success:70', 'init_ShelterA_1_305:success:71', 'init_ShelterA_1_306:success:72') new_event_count=5 effective_observation_count=5.000 p_follow=0.300 effective_probability=0.831930 random_value=0.762169 should_follow=True
[MAJORITY_BIAS_EVALUATION] logical_vehicle_id=init_ShelterA_1_317 sumo_vehicle_id=init_ShelterA_1_317 time=1400.0 rc_change_count=0 uturn_change_count=5 new_event_ids=('init_ShelterA_1_294:success:63', 'init_ShelterA_1_295:success:64', 'init_ShelterA_1_303:success:70', 'init_ShelterA_1_305:success:71', 'init_ShelterA_1_306:success:72') new_event_count=5 effective_observation_count=5.000 p_follow=0.300 effective_probability=0.831930 random_value=0.067149 should_follow=True
[MAJORITY_BIAS_EVALUATION] logical_vehicle_id=init_ShelterA_1_318 sumo_vehicle_id=init_ShelterA_1_318 time=1400.0 rc_change_count=0 uturn_change_count=4 new_event_ids=('init_ShelterA_1_294:success:63', 'init_ShelterA_1_295:success:64', 'init_ShelterA_1_306:success:72', 'init_ShelterA_1_313:success:77') new_event_count=4 effective_observation_count=4.000 p_follow=0.300 effective_probability=0.759900 random_value=0.504202 should_follow=True
[MAJORITY_BIAS_EVALUATION] logical_vehicle_id=init_ShelterA_1_321 sumo_vehicle_id=init_ShelterA_1_321 time=1400.0 rc_change_count=0 uturn_change_count=2 new_event_ids=('init_ShelterA_1_302:success:66', 'init_ShelterA_1_304:success:67') new_event_count=2 effective_observation_count=2.000 p_follow=0.300 effective_probability=0.510000 random_value=0.553807 should_follow=False
[MAJORITY_BIAS_EVALUATION] logical_vehicle_id=init_ShelterA_1_322 sumo_vehicle_id=init_ShelterA_1_322 time=1400.0 rc_change_count=0 uturn_change_count=4 new_event_ids=('init_ShelterA_1_289:success:56', 'init_ShelterA_1_301:success:65', 'init_ShelterA_1_302:success:66', 'init_ShelterA_1_304:success:67') new_event_count=4 effective_observation_count=4.000 p_follow=0.300 effective_probability=0.759900 random_value=0.540963 should_follow=True
[MAJORITY_BIAS_EVALUATION] logical_vehicle_id=init_ShelterA_1_323 sumo_vehicle_id=init_ShelterA_1_323 time=1400.0 rc_change_count=0 uturn_change_count=3 new_event_ids=('init_ShelterA_1_289:success:56', 'init_ShelterA_1_301:success:65', 'init_ShelterA_1_304:success:67') new_event_count=3 effective_observation_count=3.000 p_follow=0.300 effective_probability=0.657000 random_value=0.142208 should_follow=True
[MAJORITY_BIAS_EVALUATION] logical_vehicle_id=init_ShelterA_1_324 sumo_vehicle_id=init_ShelterA_1_324 time=1400.0 rc_change_count=0 uturn_change_count=2 new_event_ids=('init_ShelterA_1_289:success:56', 'init_ShelterA_1_301:success:65') new_event_count=2 effective_observation_count=2.000 p_follow=0.300 effective_probability=0.510000 random_value=0.763898 should_follow=False
[MAJORITY_BIAS_EVALUATION] logical_vehicle_id=init_ShelterA_1_325 sumo_vehicle_id=init_ShelterA_1_325 time=1400.0 rc_change_count=0 uturn_change_count=2 new_event_ids=('init_ShelterA_1_289:success:56', 'init_ShelterA_1_320:success:79') new_event_count=2 effective_observation_count=2.000 p_follow=0.300 effective_probability=0.510000 random_value=0.041759 should_follow=True
[MAJORITY_BIAS_EVALUATION] logical_vehicle_id=init_ShelterA_1_326 sumo_vehicle_id=init_ShelterA_1_326 time=1400.0 rc_change_count=0 uturn_change_count=1 new_event_ids=('init_ShelterA_1_320:success:79',) new_event_count=1 effective_observation_count=1.000 p_follow=0.300 effective_probability=0.300000 random_value=0.584340 should_follow=False
[MAJORITY_BIAS_EVALUATION] logical_vehicle_id=init_ShelterA_1_321 sumo_vehicle_id=init_ShelterA_1_321 time=1410.0 rc_change_count=0 uturn_change_count=5 new_event_ids=('init_ShelterA_1_300:success:69', 'init_ShelterA_1_303:success:70', 'init_ShelterA_1_307:success:76', 'init_ShelterA_1_314:success:83', 'init_ShelterA_1_315:success:84') new_event_count=5 effective_observation_count=5.000 p_follow=0.300 effective_probability=0.831930 random_value=0.958771 should_follow=False
[MAJORITY_BIAS_EVALUATION] logical_vehicle_id=init_ShelterA_1_324 sumo_vehicle_id=init_ShelterA_1_324 time=1410.0 rc_change_count=0 uturn_change_count=5 new_event_ids=('init_ShelterA_1_294:success:63', 'init_ShelterA_1_300:success:69', 'init_ShelterA_1_303:success:70', 'init_ShelterA_1_305:success:71', 'init_ShelterA_1_306:success:72') new_event_count=5 effective_observation_count=5.000 p_follow=0.300 effective_probability=0.831930 random_value=0.034659 should_follow=True
[MAJORITY_BIAS_EVALUATION] logical_vehicle_id=init_ShelterA_1_326 sumo_vehicle_id=init_ShelterA_1_326 time=1410.0 rc_change_count=0 uturn_change_count=4 new_event_ids=('init_ShelterA_1_294:success:63', 'init_ShelterA_1_295:success:64', 'init_ShelterA_1_305:success:71', 'init_ShelterA_1_306:success:72') new_event_count=4 effective_observation_count=4.000 p_follow=0.300 effective_probability=0.759900 random_value=0.193424 should_follow=True
[MAJORITY_BIAS_EVALUATION] logical_vehicle_id=init_ShelterA_1_327 sumo_vehicle_id=init_ShelterA_1_327 time=1450.0 rc_change_count=0 uturn_change_count=7 new_event_ids=('init_ShelterA_1_307:success:76', 'init_ShelterA_1_314:success:83', 'init_ShelterA_1_315:success:84', 'init_ShelterA_1_318:success:86', 'init_ShelterA_1_322:success:87', 'init_ShelterA_1_324:success:92', 'init_ShelterA_1_326:success:93') new_event_count=7 effective_observation_count=7.000 p_follow=0.300 effective_probability=0.917646 random_value=0.516147 should_follow=True
[MAJORITY_BIAS_EVALUATION] logical_vehicle_id=init_ShelterA_1_328 sumo_vehicle_id=init_ShelterA_1_328 time=1450.0 rc_change_count=0 uturn_change_count=5 new_event_ids=('init_ShelterA_1_307:success:76', 'init_ShelterA_1_314:success:83', 'init_ShelterA_1_315:success:84', 'init_ShelterA_1_318:success:86', 'init_ShelterA_1_322:success:87') new_event_count=5 effective_observation_count=5.000 p_follow=0.300 effective_probability=0.831930 random_value=0.013701 should_follow=True
[MAJORITY_BIAS_EVALUATION] logical_vehicle_id=init_ShelterA_1_330 sumo_vehicle_id=init_ShelterA_1_330 time=1460.0 rc_change_count=0 uturn_change_count=4 new_event_ids=('init_ShelterA_1_315:success:84', 'init_ShelterA_1_322:success:87', 'init_ShelterA_1_324:success:92', 'init_ShelterA_1_326:success:93') new_event_count=4 effective_observation_count=4.000 p_follow=0.300 effective_probability=0.759900 random_value=0.298959 should_follow=True
[MAJORITY_BIAS_EVALUATION] logical_vehicle_id=init_ShelterA_1_331 sumo_vehicle_id=init_ShelterA_1_331 time=1460.0 rc_change_count=0 uturn_change_count=6 new_event_ids=('init_ShelterA_1_314:success:83', 'init_ShelterA_1_315:success:84', 'init_ShelterA_1_318:success:86', 'init_ShelterA_1_322:success:87', 'init_ShelterA_1_324:success:92', 'init_ShelterA_1_326:success:93') new_event_count=6 effective_observation_count=6.000 p_follow=0.300 effective_probability=0.882351 random_value=0.686899 should_follow=True
[MAJORITY_BIAS_EVALUATION] logical_vehicle_id=init_ShelterA_1_332 sumo_vehicle_id=init_ShelterA_1_332 time=1460.0 rc_change_count=0 uturn_change_count=6 new_event_ids=('init_ShelterA_1_314:success:83', 'init_ShelterA_1_315:success:84', 'init_ShelterA_1_318:success:86', 'init_ShelterA_1_322:success:87', 'init_ShelterA_1_324:success:92', 'init_ShelterA_1_326:success:93') new_event_count=6 effective_observation_count=6.000 p_follow=0.300 effective_probability=0.882351 random_value=0.869581 should_follow=True
[MAJORITY_BIAS_EVALUATION] logical_vehicle_id=init_ShelterA_1_333 sumo_vehicle_id=init_ShelterA_1_333 time=1460.0 rc_change_count=0 uturn_change_count=4 new_event_ids=('init_ShelterA_1_314:success:83', 'init_ShelterA_1_315:success:84', 'init_ShelterA_1_318:success:86', 'init_ShelterA_1_322:success:87') new_event_count=4 effective_observation_count=4.000 p_follow=0.300 effective_probability=0.759900 random_value=0.599556 should_follow=True
[MAJORITY_BIAS_EVALUATION] logical_vehicle_id=init_ShelterA_1_339 sumo_vehicle_id=init_ShelterA_1_339 time=1470.0 rc_change_count=0 uturn_change_count=2 new_event_ids=('init_ShelterA_1_324:success:92', 'init_ShelterA_1_326:success:93') new_event_count=2 effective_observation_count=2.000 p_follow=0.300 effective_probability=0.510000 random_value=0.653614 should_follow=False
[MAJORITY_BIAS_EVALUATION] logical_vehicle_id=init_ShelterA_1_340 sumo_vehicle_id=init_ShelterA_1_340 time=1470.0 rc_change_count=0 uturn_change_count=2 new_event_ids=('init_ShelterA_1_324:success:92', 'init_ShelterA_1_326:success:93') new_event_count=2 effective_observation_count=2.000 p_follow=0.300 effective_probability=0.510000 random_value=0.767185 should_follow=False
[MAJORITY_BIAS_EVALUATION] logical_vehicle_id=init_ShelterA_1_341 sumo_vehicle_id=init_ShelterA_1_341 time=1470.0 rc_change_count=0 uturn_change_count=1 new_event_ids=('init_ShelterA_1_326:success:93',) new_event_count=1 effective_observation_count=1.000 p_follow=0.300 effective_probability=0.300000 random_value=0.684023 should_follow=False
[MAJORITY_BIAS_EVALUATION] logical_vehicle_id=init_ShelterA_2_380 sumo_vehicle_id=init_ShelterA_2_380 time=1560.0 rc_change_count=0 uturn_change_count=1 new_event_ids=('init_ShelterA_2_344:success:107',) new_event_count=1 effective_observation_count=1.000 p_follow=0.300 effective_probability=0.300000 random_value=0.988243 should_follow=False
[MAJORITY_BIAS_EVALUATION] logical_vehicle_id=init_ShelterA_1_391 sumo_vehicle_id=init_ShelterA_1_391 time=1700.0 rc_change_count=0 uturn_change_count=1 new_event_ids=('init_ShelterA_1_388:success:108',) new_event_count=1 effective_observation_count=1.000 p_follow=0.300 effective_probability=0.300000 random_value=0.034441 should_follow=True
[MAJORITY_BIAS_EVALUATION] logical_vehicle_id=init_ShelterA_1_394 sumo_vehicle_id=init_ShelterA_1_394 time=1700.0 rc_change_count=0 uturn_change_count=1 new_event_ids=('init_ShelterA_1_388:success:108',) new_event_count=1 effective_observation_count=1.000 p_follow=0.300 effective_probability=0.300000 random_value=0.886755 should_follow=False
[MAJORITY_BIAS_EVALUATION] logical_vehicle_id=init_ShelterA_1_396 sumo_vehicle_id=init_ShelterA_1_396 time=1700.0 rc_change_count=0 uturn_change_count=1 new_event_ids=('init_ShelterA_1_388:success:108',) new_event_count=1 effective_observation_count=1.000 p_follow=0.300 effective_probability=0.300000 random_value=0.855119 should_follow=False
[MAJORITY_BIAS_EVALUATION] logical_vehicle_id=init_ShelterA_1_397 sumo_vehicle_id=init_ShelterA_1_397 time=1700.0 rc_change_count=0 uturn_change_count=2 new_event_ids=('init_ShelterA_1_388:success:108', 'init_ShelterA_1_389:success:109') new_event_count=2 effective_observation_count=2.000 p_follow=0.300 effective_probability=0.510000 random_value=0.345100 should_follow=True
[MAJORITY_BIAS_EVALUATION] logical_vehicle_id=init_ShelterA_1_398 sumo_vehicle_id=init_ShelterA_1_398 time=1700.0 rc_change_count=0 uturn_change_count=2 new_event_ids=('init_ShelterA_1_388:success:108', 'init_ShelterA_1_389:success:109') new_event_count=2 effective_observation_count=2.000 p_follow=0.300 effective_probability=0.510000 random_value=0.150546 should_follow=True
mean elapsed_time: 724.5625
OK all vehs arrived 
平均渋滞継続時間: 619.69秒
OK all vehicle abandonment were detected
293
107
===== Simlation Result Summary =====
avg_congestion_duration: 619.69 
arrival_time_by_vehID_dict:{'init_ShelterA_1_0': 206.0, 'init_ShelterA_1_1': 219.0, 'init_ShelterA_1_2': 227.0, 'init_ShelterA_1_3': 232.0, 'init_ShelterA_1_4': 237.0, 'init_ShelterA_1_5': 243.0, 'init_ShelterA_1_6': 248.0, 'init_ShelterA_1_7': 254.0, 'init_ShelterA_1_8': 260.0, 'init_ShelterA_1_9': 267.0, 'init_ShelterA_1_10': 274.0, 'init_ShelterA_1_11': 283.0, 'init_ShelterA_1_12': 292.0, 'init_ShelterA_1_13': 301.0, 'init_ShelterA_1_14': 310.0, 'init_ShelterA_1_15': 319.0, 'init_ShelterA_1_16': 329.0, 'init_ShelterA_1_17': 339.0, 'init_ShelterA_1_18': 348.0, 'init_ShelterA_1_19': 358.0, 'init_ShelterA_1_20': 368.0, 'init_ShelterA_1_21': 377.0, 'init_ShelterA_1_22': 387.0, 'init_ShelterA_1_23': 397.0, 'init_ShelterA_1_24': 406.0, 'init_ShelterA_1_25': 416.0, 'init_ShelterA_1_26': 426.0, 'init_ShelterA_1_27': 435.0, 'init_ShelterA_1_28': 445.0, 'init_ShelterA_1_29': 455.0, 'init_ShelterA_1_30': 464.0, 'init_ShelterA_2_44': 472.0, 'init_ShelterA_1_31': 474.0, 'init_ShelterA_2_57': 477.0, 'init_ShelterA_1_32': 484.0, 'init_ShelterA_1_33': 493.0, 'init_ShelterA_1_34': 503.0, 'init_ShelterA_1_35': 512.0, 'init_ShelterA_1_36': 522.0, 'init_ShelterA_1_37': 531.0, 'init_ShelterA_1_38': 541.0, 'init_ShelterA_1_39': 550.0, 'init_ShelterA_2_68': 558.0, 'init_ShelterA_1_40': 560.0, 'init_ShelterA_1_41': 569.0, 'init_ShelterA_1_42': 579.0, 'init_ShelterA_1_43': 588.0, 'init_ShelterA_1_45': 598.0, 'init_ShelterA_1_46': 607.0, 'init_ShelterA_1_47': 616.0, 'init_ShelterA_1_48': 626.0, 'init_ShelterA_1_49': 635.0, 'init_ShelterA_1_50': 644.0, 'init_ShelterA_2_95': 649.0, 'init_ShelterA_1_51': 653.0, 'init_ShelterA_2_98': 654.0, 'init_ShelterA_1_52': 663.0, 'init_ShelterA_1_53': 672.0, 'init_ShelterA_1_54': 681.0, 'init_ShelterA_1_55': 690.0, 'init_ShelterA_1_56': 699.0, 'init_ShelterA_1_58': 708.0, 'init_ShelterA_1_59': 717.0, 'init_ShelterA_1_60': 726.0, 'init_ShelterA_1_61': 735.0, 'init_ShelterA_2_108': 739.0, 'init_ShelterA_2_114': 743.0, 'init_ShelterA_1_62': 744.0, 'init_ShelterA_1_63': 753.0, 'init_ShelterA_1_64': 762.0, 'init_ShelterA_1_65': 771.0, 'init_ShelterA_1_66': 780.0, 'init_ShelterA_1_67': 788.0, 'init_ShelterA_1_69': 797.0, 'init_ShelterA_1_70': 806.0, 'init_ShelterA_1_71': 815.0, 'init_ShelterA_2_125': 820.0, 'init_ShelterA_1_72': 824.0, 'init_ShelterA_2_134': 824.0, 'init_ShelterA_1_73': 833.0, 'init_ShelterA_1_74': 842.0, 'init_ShelterA_1_75': 851.0, 'init_ShelterA_1_76': 859.0, 'init_ShelterA_1_77': 868.0, 'init_ShelterA_1_78': 877.0, 'init_ShelterA_1_79': 886.0, 'init_ShelterA_1_80': 895.0, 'init_ShelterA_1_81': 903.0, 'init_ShelterA_1_82': 912.0, 'init_ShelterA_1_83': 921.0, 'init_ShelterA_2_139': 922.0, 'init_ShelterA_1_84': 930.0, 'init_ShelterA_1_85': 939.0, 'init_ShelterA_1_86': 947.0, 'init_ShelterA_1_87': 956.0, 'init_ShelterA_1_88': 965.0, 'init_ShelterA_2_144': 972.0, 'init_ShelterA_1_89': 973.0, 'init_ShelterA_1_90': 982.0, 'init_ShelterA_1_91': 991.0, 'init_ShelterA_1_92': 999.0, 'init_ShelterA_1_93': 1008.0, 'init_ShelterA_1_94': 1017.0, 'init_ShelterA_1_96': 1025.0, 'init_ShelterA_1_97': 1034.0, 'init_ShelterA_1_99': 1043.0, 'init_ShelterA_1_100': 1051.0, 'init_ShelterA_1_101': 1060.0, 'init_ShelterA_1_102': 1069.0, 'init_ShelterA_2_181': 1071.0, 'init_ShelterA_2_182': 1076.0, 'init_ShelterA_1_103': 1077.0, 'init_ShelterA_1_104': 1086.0, 'init_ShelterA_1_105': 1094.0, 'init_ShelterA_1_106': 1103.0, 'init_ShelterA_1_107': 1112.0, 'init_ShelterA_1_109': 1120.0, 'init_ShelterA_1_110': 1129.0, 'init_ShelterA_1_111': 1137.0, 'init_ShelterA_1_112': 1146.0, 'init_ShelterA_1_113': 1155.0, 'init_ShelterA_1_115': 1163.0, 'init_ShelterA_1_116': 1172.0, 'init_ShelterA_1_117': 1180.0, 'init_ShelterA_1_118': 1189.0, 'init_ShelterA_1_119': 1197.0, 'init_ShelterA_1_120': 1206.0, 'init_ShelterA_1_121': 1215.0, 'init_ShelterA_1_122': 1223.0, 'init_ShelterA_1_123': 1232.0, 'init_ShelterA_1_124': 1240.0, 'init_ShelterA_1_126': 1249.0, 'init_ShelterA_2_216': 1254.0, 'init_ShelterA_1_127': 1257.0, 'init_ShelterA_1_128': 1266.0, 'init_ShelterA_1_129': 1274.0, 'init_ShelterA_1_130': 1283.0, 'newveh_ShelterA_2_207_27': 1285.0, 'newveh_ShelterA_2_205_26': 1289.0, 'init_ShelterA_1_131': 1291.0, 'init_ShelterA_1_132': 1300.0, 'init_ShelterA_1_133': 1308.0, 'init_ShelterA_1_135': 1317.0, 'newveh_ShelterA_2_227_40': 1323.0, 'init_ShelterA_1_136': 1325.0, 'newveh_ShelterA_2_203_25': 1331.0, 'init_ShelterA_1_137': 1334.0, 'newveh_ShelterA_2_201_24': 1338.0, 'init_ShelterA_1_138': 1342.0, 'newveh_ShelterA_2_195_23': 1343.0, 'newveh_ShelterA_2_213_32': 1347.0, 'init_ShelterA_1_140': 1351.0, 'newveh_ShelterA_2_212_31': 1353.0, 'init_ShelterA_1_141': 1359.0, 'newveh_ShelterA_2_208_28': 1359.0, 'newveh_ShelterA_2_211_30': 1364.0, 'init_ShelterA_1_142': 1368.0, 'newveh_ShelterA_2_210_29': 1370.0, 'init_ShelterA_1_143': 1376.0, 'newveh_ShelterA_2_215_33': 1376.0, 'newveh_ShelterA_2_224_39': 1382.0, 'init_ShelterA_1_145': 1385.0, 'newveh_ShelterA_2_223_38': 1389.0, 'init_ShelterA_1_146': 1393.0, 'newveh_ShelterA_2_234_0': 1396.0, 'init_ShelterA_1_147': 1402.0, 'newveh_ShelterA_2_244_9': 1404.0, 'init_ShelterA_1_148': 1410.0, 'newveh_ShelterA_2_243_8': 1412.0, 'init_ShelterA_1_149': 1419.0, 'newveh_ShelterA_2_242_7': 1421.0, 'init_ShelterA_1_150': 1427.0, 'newveh_ShelterA_2_241_6': 1430.0, 'init_ShelterA_1_151': 1436.0, 'newveh_ShelterA_2_240_5': 1440.0, 'init_ShelterA_1_152': 1444.0, 'newveh_ShelterA_2_239_4': 1449.0, 'init_ShelterA_1_153': 1453.0, 'newveh_ShelterA_2_238_3': 1459.0, 'init_ShelterA_1_154': 1461.0, 'newveh_ShelterA_2_237_2': 1469.0, 'init_ShelterA_1_155': 1470.0, 'init_ShelterA_1_156': 1478.0, 'newveh_ShelterA_2_236_1': 1478.0, 'init_ShelterA_1_157': 1487.0, 'newveh_ShelterA_2_245_10': 1488.0, 'init_ShelterA_1_158': 1495.0, 'newveh_ShelterA_2_246_11': 1498.0, 'init_ShelterA_1_159': 1504.0, 'newveh_ShelterA_2_252_14': 1508.0, 'init_ShelterA_1_160': 1512.0, 'newveh_ShelterA_2_249_13': 1517.0, 'init_ShelterA_1_161': 1521.0, 'newveh_ShelterA_2_248_12': 1527.0, 'init_ShelterA_1_162': 1529.0, 'newveh_ShelterA_2_253_15': 1537.0, 'init_ShelterA_1_163': 1538.0, 'init_ShelterA_1_164': 1546.0, 'newveh_ShelterA_2_217_34': 1546.0, 'init_ShelterA_1_165': 1555.0, 'newveh_ShelterA_2_220_37': 1556.0, 'init_ShelterA_1_166': 1563.0, 'newveh_ShelterA_2_219_36': 1566.0, 'init_ShelterA_1_167': 1572.0, 'newveh_ShelterA_2_218_35': 1575.0, 'init_ShelterA_1_168': 1580.0, 'newveh_ShelterA_2_225_41': 1585.0, 'init_ShelterA_1_169': 1589.0, 'newveh_ShelterA_2_228_43': 1595.0, 'init_ShelterA_1_170': 1597.0, 'newveh_ShelterA_2_226_42': 1604.0, 'init_ShelterA_1_171': 1606.0, 'init_ShelterA_1_172': 1614.0, 'newveh_ShelterA_2_229_44': 1614.0, 'init_ShelterA_1_173': 1623.0, 'newveh_ShelterA_2_250_47': 1624.0, 'init_ShelterA_1_174': 1631.0, 'newveh_ShelterA_2_233_46': 1633.0, 'init_ShelterA_1_175': 1640.0, 'newveh_ShelterA_2_260_49': 1643.0, 'init_ShelterA_1_176': 1648.0, 'newveh_ShelterA_2_232_45': 1652.0, 'init_ShelterA_1_177': 1657.0, 'newveh_ShelterA_2_259_48': 1662.0, 'init_ShelterA_1_178': 1665.0, 'newveh_ShelterA_2_255_16': 1671.0, 'init_ShelterA_1_179': 1674.0, 'newveh_ShelterA_2_257_18': 1681.0, 'init_ShelterA_1_180': 1682.0, 'init_ShelterA_1_183': 1691.0, 'newveh_ShelterA_2_256_17': 1691.0, 'init_ShelterA_1_275': 1693.0, 'init_ShelterA_1_184': 1699.0, 'init_ShelterA_2_297': 1703.0, 'init_ShelterA_1_185': 1708.0, 'init_ShelterA_2_311': 1712.0, 'init_ShelterA_1_186': 1716.0, 'init_ShelterA_2_316': 1722.0, 'init_ShelterA_1_187': 1725.0, 'newveh_ShelterA_2_319_69': 1732.0, 'init_ShelterA_1_188': 1733.0, 'newveh_ShelterA_2_299_52': 1741.0, 'init_ShelterA_1_189': 1742.0, 'init_ShelterA_1_190': 1750.0, 'newveh_ShelterA_2_320_70': 1751.0, 'init_ShelterA_1_191': 1759.0, 'newveh_ShelterA_2_289_51': 1761.0, 'init_ShelterA_1_192': 1767.0, 'newveh_ShelterA_2_301_60': 1770.0, 'init_ShelterA_1_193': 1776.0, 'newveh_ShelterA_2_304_62': 1780.0, 'init_ShelterA_1_194': 1784.0, 'newveh_ShelterA_2_317_75': 1789.0, 'init_ShelterA_1_196': 1793.0, 'newveh_ShelterA_2_302_61': 1799.0, 'init_ShelterA_1_197': 1801.0, 'newveh_ShelterA_2_313_68': 1809.0, 'init_ShelterA_1_198': 1810.0, 'init_ShelterA_1_199': 1818.0, 'newveh_ShelterA_2_325_79': 1818.0, 'init_ShelterA_1_200': 1827.0, 'newveh_ShelterA_2_323_78': 1828.0, 'init_ShelterA_1_202': 1835.0, 'newveh_ShelterA_2_295_59': 1837.0, 'init_ShelterA_1_204': 1844.0, 'newveh_ShelterA_2_294_58': 1847.0, 'init_ShelterA_1_206': 1852.0, 'newveh_ShelterA_2_306_66': 1857.0, 'init_ShelterA_1_209': 1861.0, 'newveh_ShelterA_2_305_65': 1866.0, 'init_ShelterA_1_214': 1869.0, 'newveh_ShelterA_2_303_64': 1876.0, 'init_ShelterA_1_221': 1878.0, 'init_ShelterA_1_222': 1886.0, 'init_ShelterA_2_334': 1892.0, 'init_ShelterA_1_230': 1895.0, 'init_ShelterA_1_335': 1895.0, 'init_ShelterA_1_337': 1897.0, 'init_ShelterA_1_342': 1899.0, 'init_ShelterA_1_348': 1901.0, 'init_ShelterA_1_231': 1903.0, 'init_ShelterA_1_349': 1904.0, 'newveh_ShelterA_2_300_63': 1911.0, 'init_ShelterA_1_254': 1912.0, 'newveh_ShelterA_2_307_67': 1919.0, 'init_ShelterA_1_258': 1920.0, 'newveh_ShelterA_2_314_73': 1928.0, 'init_ShelterA_1_261': 1929.0, 'init_ShelterA_1_262': 1937.0, 'newveh_ShelterA_2_318_76': 1937.0, 'init_ShelterA_1_264': 1946.0, 'newveh_ShelterA_2_315_74': 1947.0, 'newveh_ShelterA_1_251_21': 1954.0, 'newveh_ShelterA_2_322_77': 1956.0, 'newveh_ShelterA_1_247_20': 1963.0, 'newveh_ShelterA_2_326_82': 1966.0, 'newveh_ShelterA_1_235_19': 1971.0, 'newveh_ShelterA_2_324_81': 1975.0, 'init_ShelterA_1_265': 1980.0, 'newveh_ShelterA_2_327_87': 1985.0, 'init_ShelterA_1_267': 1988.0, 'newveh_ShelterA_2_332_90': 1995.0, 'init_ShelterA_1_268': 1997.0, 'newveh_ShelterA_2_331_89': 2004.0, 'init_ShelterA_1_269': 2005.0, 'newveh_ShelterA_1_263_22': 2014.0, 'newveh_ShelterA_2_330_88': 2014.0, 'init_ShelterA_1_270': 2022.0, 'init_ShelterA_2_380': 2024.0, 'init_ShelterA_1_271': 2031.0, 'init_ShelterA_2_382': 2033.0, 'init_ShelterA_1_272': 2039.0, 'newveh_ShelterA_2_355_71': 2043.0, 'init_ShelterA_1_274': 2048.0, 'newveh_ShelterA_2_356_80': 2052.0, 'init_ShelterA_1_276': 2056.0, 'newveh_ShelterA_2_372_86': 2062.0, 'init_ShelterA_1_277': 2065.0, 'newveh_ShelterA_2_370_85': 2072.0, 'init_ShelterA_1_278': 2073.0, 'newveh_ShelterA_2_395_91': 2081.0, 'init_ShelterA_1_280': 2082.0, 'init_ShelterA_1_282': 2090.0, 'newveh_ShelterA_2_386_93': 2091.0, 'init_ShelterA_1_283': 2099.0, 'newveh_ShelterA_2_399_98': 2101.0, 'init_ShelterA_1_284': 2107.0, 'newveh_ShelterA_2_393_97': 2111.0, 'init_ShelterA_1_285': 2116.0, 'newveh_ShelterA_2_389_96': 2120.0, 'init_ShelterA_1_286': 2124.0, 'newveh_ShelterA_2_388_95': 2129.0, 'init_ShelterA_1_287': 2133.0, 'newveh_ShelterA_2_398_101': 2135.0, 'newveh_ShelterA_2_397_100': 2140.0, 'init_ShelterA_1_290': 2141.0, 'newveh_ShelterA_2_391_99': 2144.0, 'init_ShelterA_1_291': 2150.0, 'init_ShelterA_1_292': 2158.0, 'init_ShelterA_1_293': 2167.0, 'init_ShelterA_1_296': 2175.0, 'init_ShelterA_1_298': 2184.0, 'init_ShelterA_1_308': 2192.0, 'init_ShelterA_1_309': 2201.0, 'init_ShelterA_1_310': 2209.0, 'newveh_ShelterA_1_288_50': 2218.0, 'init_ShelterA_1_321': 2226.0, 'newveh_ShelterA_1_312_57': 2235.0, 'init_ShelterA_1_328': 2243.0, 'init_ShelterA_1_329': 2252.0, 'init_ShelterA_1_333': 2260.0, 'init_ShelterA_1_336': 2269.0, 'init_ShelterA_1_338': 2277.0, 'init_ShelterA_1_339': 2286.0, 'init_ShelterA_1_340': 2294.0, 'init_ShelterA_1_341': 2303.0, 'init_ShelterA_1_343': 2311.0, 'init_ShelterA_1_345': 2320.0, 'init_ShelterA_1_346': 2328.0, 'init_ShelterA_1_347': 2337.0, 'init_ShelterA_1_350': 2345.0, 'init_ShelterA_1_351': 2354.0, 'newveh_ShelterA_1_273_54': 2362.0, 'newveh_ShelterA_1_281_56': 2371.0, 'newveh_ShelterA_1_279_55': 2379.0, 'newveh_ShelterA_1_266_53': 2388.0, 'init_ShelterA_1_353': 2396.0, 'init_ShelterA_1_354': 2405.0, 'init_ShelterA_1_357': 2413.0, 'init_ShelterA_1_359': 2422.0, 'init_ShelterA_1_360': 2430.0, 'init_ShelterA_1_361': 2439.0, 'init_ShelterA_1_362': 2447.0, 'init_ShelterA_1_363': 2456.0, 'init_ShelterA_1_364': 2464.0, 'init_ShelterA_1_365': 2473.0, 'init_ShelterA_1_366': 2481.0, 'init_ShelterA_1_367': 2490.0, 'init_ShelterA_1_369': 2498.0, 'init_ShelterA_1_371': 2507.0, 'init_ShelterA_1_373': 2515.0, 'init_ShelterA_1_374': 2524.0, 'init_ShelterA_1_375': 2532.0, 'init_ShelterA_1_376': 2541.0, 'newveh_ShelterA_1_344_94': 2549.0, 'init_ShelterA_1_377': 2558.0, 'init_ShelterA_1_378': 2566.0, 'init_ShelterA_1_379': 2575.0, 'init_ShelterA_1_381': 2583.0, 'init_ShelterA_1_383': 2592.0, 'init_ShelterA_1_384': 2600.0, 'init_ShelterA_1_385': 2609.0, 'init_ShelterA_1_387': 2618.0, 'init_ShelterA_1_390': 2626.0, 'init_ShelterA_1_394': 2635.0, 'newveh_ShelterA_1_358_72': 2642.0, 'init_ShelterA_1_396': 2648.0, 'newveh_ShelterA_1_352_83': 2653.0, 'newveh_ShelterA_1_368_84': 2658.0, 'newveh_ShelterA_1_392_92': 2663.0}
vehicle_abandant_time_by_pedestrianID_dict:{}
walking_distance_by_pedestrianID_dict:{}
route_change_time_by_vehID_dict:{'init_ShelterA_1_234': 970.0, 'init_ShelterA_1_236': 970.0, 'init_ShelterA_1_237': 970.0, 'init_ShelterA_1_238': 970.0, 'init_ShelterA_1_239': 970.0, 'init_ShelterA_1_240': 970.0, 'init_ShelterA_1_241': 970.0, 'init_ShelterA_1_242': 970.0, 'init_ShelterA_1_243': 970.0, 'init_ShelterA_1_244': 970.0, 'init_ShelterA_1_245': 970.0, 'init_ShelterA_1_246': 970.0, 'init_ShelterA_1_248': 970.0, 'init_ShelterA_1_249': 970.0, 'init_ShelterA_1_252': 970.0, 'init_ShelterA_1_253': 970.0, 'init_ShelterA_1_255': 970.0, 'init_ShelterA_1_256': 970.0, 'init_ShelterA_1_257': 970.0, 'init_ShelterA_2_235': 970.0, 'init_ShelterA_2_247': 970.0, 'init_ShelterA_2_251': 970.0, 'init_ShelterA_2_263': 990.0, 'init_ShelterA_1_195': 1020.0, 'init_ShelterA_1_201': 1020.0, 'init_ShelterA_1_203': 1020.0, 'init_ShelterA_1_205': 1020.0, 'init_ShelterA_1_207': 1020.0, 'init_ShelterA_1_208': 1030.0, 'init_ShelterA_1_210': 1050.0, 'init_ShelterA_1_211': 1050.0, 'init_ShelterA_1_212': 1050.0, 'init_ShelterA_1_213': 1050.0, 'init_ShelterA_1_215': 1060.0, 'init_ShelterA_1_217': 1060.0, 'init_ShelterA_1_218': 1060.0, 'init_ShelterA_1_219': 1060.0, 'init_ShelterA_1_220': 1060.0, 'init_ShelterA_1_223': 1060.0, 'init_ShelterA_1_224': 1060.0, 'init_ShelterA_1_227': 1060.0, 'init_ShelterA_1_225': 1070.0, 'init_ShelterA_1_226': 1070.0, 'init_ShelterA_1_228': 1070.0, 'init_ShelterA_1_229': 1110.0, 'init_ShelterA_1_232': 1120.0, 'init_ShelterA_1_233': 1120.0, 'init_ShelterA_1_250': 1120.0, 'init_ShelterA_1_259': 1130.0, 'init_ShelterA_1_260': 1130.0, 'init_ShelterA_1_275': 1160.0, 'init_ShelterA_2_288': 1170.0, 'init_ShelterA_1_289': 1350.0, 'init_ShelterA_1_299': 1350.0, 'init_ShelterA_2_266': 1350.0, 'init_ShelterA_2_273': 1350.0, 'init_ShelterA_2_279': 1350.0, 'init_ShelterA_2_281': 1350.0, 'init_ShelterA_2_312': 1350.0, 'init_ShelterA_1_294': 1360.0, 'init_ShelterA_1_295': 1360.0, 'init_ShelterA_1_301': 1360.0, 'init_ShelterA_1_302': 1360.0, 'init_ShelterA_1_304': 1360.0, 'init_ShelterA_1_342': 1360.0, 'init_ShelterA_1_300': 1370.0, 'init_ShelterA_1_303': 1370.0, 'init_ShelterA_1_305': 1370.0, 'init_ShelterA_1_306': 1370.0, 'init_ShelterA_1_335': 1380.0, 'init_ShelterA_1_348': 1380.0, 'init_ShelterA_1_349': 1380.0, 'init_ShelterA_1_307': 1390.0, 'init_ShelterA_1_313': 1390.0, 'init_ShelterA_1_319': 1390.0, 'init_ShelterA_1_320': 1390.0, 'init_ShelterA_1_337': 1390.0, 'init_ShelterA_1_355': 1390.0, 'init_ShelterA_2_358': 1390.0, 'init_ShelterA_1_314': 1400.0, 'init_ShelterA_1_315': 1400.0, 'init_ShelterA_1_317': 1400.0, 'init_ShelterA_1_318': 1400.0, 'init_ShelterA_1_322': 1400.0, 'init_ShelterA_1_323': 1400.0, 'init_ShelterA_1_325': 1400.0, 'init_ShelterA_1_356': 1400.0, 'init_ShelterA_1_324': 1410.0, 'init_ShelterA_1_326': 1410.0, 'init_ShelterA_2_352': 1410.0, 'init_ShelterA_2_368': 1410.0, 'init_ShelterA_1_370': 1420.0, 'init_ShelterA_1_372': 1420.0, 'init_ShelterA_1_327': 1450.0, 'init_ShelterA_1_330': 1460.0, 'init_ShelterA_1_331': 1460.0, 'init_ShelterA_1_332': 1460.0, 'init_ShelterA_1_395': 1490.0, 'init_ShelterA_2_392': 1490.0, 'init_ShelterA_1_386': 1500.0, 'init_ShelterA_2_344': 1530.0, 'init_ShelterA_1_388': 1690.0, 'init_ShelterA_1_389': 1690.0, 'init_ShelterA_1_393': 1690.0, 'init_ShelterA_1_399': 1690.0, 'init_ShelterA_1_391': 1700.0, 'init_ShelterA_1_397': 1700.0, 'init_ShelterA_1_398': 1700.0}
pedestrian_count:0
route_changed_vehicle_count:108
route_change_event_count:108
rate_vehicle_abandonment:0.00%
wrong_way_driving_count:0
vehicle_abandonment_count:0
normalcy_bias_route_change_count:55
majority_bias_route_change_count:53
lane_changed_vehicle_count:0
info_obtained_lanechange_count:0
elapsed_time_lanechange_count:0
majority_bias_lanechange_count:0
end       : Mon Jul 13 03:49:18 JST 2026
