=== Job Info ===
host      : wagner
jobid     : 582800
scenario  : 15
early_rate: 0.1
v2v_rate  : 1.0
run_id    : 5
config    : scenarios/pervehicle/configs/config_scenario_1.toml
start     : 2026年  2月 24日 火曜日 15:46:40 JST
Step #2000.00 (0ms ?*RT. ?UPS, TraCI: 6ms, vehicles TOT 20 ACT 20 BUF 0)
 Retrying in 1 seconds
出現数: {'B1': 10, 'A2': 3, 'A1': 7}
割合:
  A1: 7 (35.00%)
  A2: 3 (15.00%)
  B1: 10 (50.00%)
  B2: 0 (0.00%)
mean elapsed_time: 178.45
OK all vehs arrived
===== Simlation Result Summary =====
arrival_time_by_vehID_dict:{'init_ShelterB_1_0': 170.0, 'init_ShelterA_1_11': 175.0, 'init_ShelterB_1_1': 176.0, 'init_ShelterA_1_12': 181.0, 'init_ShelterB_1_2': 182.0, 'init_ShelterA_1_13': 187.0, 'init_ShelterB_1_3': 187.0, 'init_ShelterB_1_4': 192.0, 'init_ShelterA_1_14': 194.0, 'init_ShelterB_1_5': 196.0, 'init_ShelterA_1_15': 200.0, 'init_ShelterB_1_6': 202.0, 'init_ShelterA_1_16': 203.0, 'init_ShelterB_1_7': 210.0, 'init_ShelterA_1_19': 212.0, 'init_ShelterA_2_10': 215.0, 'init_ShelterB_1_8': 215.0, 'init_ShelterB_1_9': 219.0, 'init_ShelterA_2_17': 248.0, 'init_ShelterA_2_18': 253.0}
route_changed_vehicle_count:0
normalcy_bias_route_change_count:0
majority_bias_route_change_count:0
shelter_congestion_count:0
shelter_capacity_full_count:0
lane_changed_vehicle_count:0
info_obtained_lanechange_count:0
elapsed_time_lanechange_count:0
majority_bias_lanechange_count:0
test_count:0
end       : 2026年  2月 24日 火曜日 15:46:56 JST
