=== Job Info ===
host            : elgar
jobid           : 1190497
project_root    : /home/katagi/vehicle-assistant-system
scenario        : 70
early_rate      : 1.0
v2v_rate        : 1.0
run_id          : 43
config          : scenarios/JIP/configs/config_scenario_70.toml
target_directory: 1-1-2-v2vonly
runner_path     : scenarios/JIP/1-1-2-v2vonly/simulation/runner_simulator.py
runner_module   : scenarios.JIP.1-1-2-v2vonly.simulation.runner_simulator
start           : 2026-07-13 09:22:58
[RUN_CONFIG] config=/home/katagi/vehicle-assistant-system/scenarios/JIP/configs/config_scenario_70.toml seed=2505430756 communication_mode=v2v_only communication_interval=10.0 decision_interval=10.0 early_rate=1.0 v2v_capable_vehicle_rate=1.0
 Retrying in 1 seconds
 Retrying in 1 seconds
 Retrying in 1 seconds
 Retrying in 1 seconds
 Retrying in 1 seconds
 Retrying in 1 seconds
 Retrying in 1 seconds
 Retrying in 1 seconds
 Retrying in 1 seconds
 Retrying in 1 seconds
 Retrying in 1 seconds
 Retrying in 1 seconds
 Retrying in 1 seconds
 Retrying in 1 seconds
 Retrying in 1 seconds
 Retrying in 1 seconds
 Retrying in 1 seconds
 Retrying in 1 seconds
 Retrying in 1 seconds
 Retrying in 1 seconds
 Retrying in 1 seconds
 Retrying in 1 seconds
 Retrying in 1 seconds
 Retrying in 1 seconds
 Retrying in 1 seconds
 Retrying in 1 seconds
 Retrying in 1 seconds
 Retrying in 1 seconds
 Retrying in 1 seconds
 Retrying in 1 seconds
 Retrying in 1 seconds
 Retrying in 1 seconds
 Retrying in 1 seconds
 Retrying in 1 seconds
 Retrying in 1 seconds
 Retrying in 1 seconds
 Retrying in 1 seconds
 Retrying in 1 seconds
 Retrying in 1 seconds
 Retrying in 1 seconds
 Retrying in 1 seconds
 Retrying in 1 seconds
 Retrying in 1 seconds
 Retrying in 1 seconds
 Retrying in 1 seconds
 Retrying in 1 seconds
 Retrying in 1 seconds
 Retrying in 1 seconds
 Retrying in 1 seconds
 Retrying in 1 seconds
 Retrying in 1 seconds
 Retrying in 1 seconds
 Retrying in 1 seconds
 Retrying in 1 seconds
 Retrying in 1 seconds
 Retrying in 1 seconds
 Retrying in 1 seconds
 Retrying in 1 seconds
 Retrying in 1 seconds
 Retrying in 1 seconds
